Using pre-set license
Built from '2021.1/release' branch; Version is '2021.1.0f1 (61a549675243) revision 6399305'; Using compiler version '192528614'; Build Type 'Release'
OS: 'Windows 10 Home; OS build 19042.1415; Version 2009; 64bit' Language: 'en' Physical Memory: 15961 MB
BatchMode: 1, IsHumanControllingUs: 0, StartBugReporterOnCrash: 0, Is64bit: 1, IsPro: 0

 COMMAND LINE ARGUMENTS:
C:\Program Files\Unity\Hub\Editor\2021.1.0f1\Editor\Unity.exe
-adb2
-batchMode
-noUpm
-name
AssetImportWorker0
-projectPath
C:/Users/erich/OneDrive/Desktop/New folder/Unity/BlobPlatformer
-logFile
Logs/AssetImportWorker0.log
-srvPort
58686
Successfully changed project path to: C:/Users/erich/OneDrive/Desktop/New folder/Unity/BlobPlatformer
C:/Users/erich/OneDrive/Desktop/New folder/Unity/BlobPlatformer
Using Asset Import Pipeline V2.
Refreshing native plugins compatible for Editor in 181.41 ms, found 2 plugins.
Preloading 0 native plugins for Editor in 0.00 ms.
Initialize engine version: 2021.1.0f1 (61a549675243)
[Subsystems] Discovering subsystems at path C:/Program Files/Unity/Hub/Editor/2021.1.0f1/Editor/Data/Resources/UnitySubsystems
[Subsystems] Discovering subsystems at path C:/Users/erich/OneDrive/Desktop/New folder/Unity/BlobPlatformer/Assets
GfxDevice: creating device client; threaded=0; jobified=0
Direct3D:
    Version:  Direct3D 11.0 [level 11.1]
    Renderer: Intel(R) UHD Graphics (ID=0x8a56)
    Vendor:   Intel
    VRAM:     7980 MB
    Driver:   30.0.100.9955
Initialize mono
Mono path[0] = 'C:/Program Files/Unity/Hub/Editor/2021.1.0f1/Editor/Data/Managed'
Mono path[1] = 'C:/Program Files/Unity/Hub/Editor/2021.1.0f1/Editor/Data/MonoBleedingEdge/lib/mono/unityjit'
Mono config path = 'C:/Program Files/Unity/Hub/Editor/2021.1.0f1/Editor/Data/MonoBleedingEdge/etc'
Using monoOptions --debugger-agent=transport=dt_socket,embedding=1,server=y,suspend=n,address=127.0.0.1:56368
Begin MonoManager ReloadAssembly
Registering precompiled unity dll's ...
Register platform support module: C:/Program Files/Unity/Hub/Editor/2021.1.0f1/Editor/Data/PlaybackEngines/WindowsStandaloneSupport/UnityEditor.WindowsStandalone.Extensions.dll
Registered in 0.003719 seconds.
Native extension for WindowsStandalone target not found
Refreshing native plugins compatible for Editor in 165.28 ms, found 2 plugins.
Preloading 0 native plugins for Editor in 0.00 ms.
Mono: successfully reloaded assembly
- Completed reload, in  3.505 seconds
Platform modules already initialized, skipping
Registering precompiled user dll's ...
Registered in 0.007312 seconds.
Begin MonoManager ReloadAssembly
Native extension for WindowsStandalone target not found
Refreshing native plugins compatible for Editor in 175.77 ms, found 2 plugins.
Preloading 0 native plugins for Editor in 0.00 ms.
Mono: successfully reloaded assembly
- Completed reload, in  1.962 seconds
Platform modules already initialized, skipping
========================================================================
Worker process is ready to serve import requests
Launched and connected shader compiler UnityShaderCompiler.exe after 0.08 seconds
Refreshing native plugins compatible for Editor in 0.60 ms, found 2 plugins.
Preloading 0 native plugins for Editor in 0.00 ms.
Unloading 3667 Unused Serialized files (Serialized files now loaded: 0)
System memory in use before: 137.9 MB.
System memory in use after: 137.9 MB.

Unloading 31 unused Assets to reduce memory usage. Loaded Objects now: 4120.
Total: 4.264400 ms (FindLiveObjects: 0.668100 ms CreateObjectMapping: 0.331400 ms MarkObjects: 3.069800 ms  DeleteObjects: 0.192000 ms)

========================================================================
Received Import Request.
  path: Assets/2D SpritePack/Demo/Prefabs/Saw_1.prefab
  artifactKey: Guid(30b535c0655b76b4dae176b271b46d26) Importer(815301076,1909f56bfc062723c751e8b465ee728b)
Start importing Assets/2D SpritePack/Demo/Prefabs/Saw_1.prefab using Guid(30b535c0655b76b4dae176b271b46d26) Importer(815301076,1909f56bfc062723c751e8b465ee728b)  -> (artifact id: 'f955f122b699381230c6a416a850f8f6') in 0.173856 seconds 
========================================================================
Received Import Request.
  Time since last request: 0.000544 seconds.
  path: Assets/2D SpritePack/Demo/Prefabs/Character.prefab
  artifactKey: Guid(7e7029a2c4bda8d43842eb0568e6c75a) Importer(815301076,1909f56bfc062723c751e8b465ee728b)
Start importing Assets/2D SpritePack/Demo/Prefabs/Character.prefab using Guid(7e7029a2c4bda8d43842eb0568e6c75a) Importer(815301076,1909f56bfc062723c751e8b465ee728b)  -> (artifact id: '46e73bb87a7834bc7e180cf07b17bf0e') in 0.044274 seconds 
========================================================================
Received Import Request.
  Time since last request: 230.879434 seconds.
  path: Assets/Scripts/PlayerMovement.cs
  artifactKey: Guid(025f1eb023160b34e907e1ef780e3329) Importer(815301076,1909f56bfc062723c751e8b465ee728b)
Start importing Assets/Scripts/PlayerMovement.cs using Guid(025f1eb023160b34e907e1ef780e3329) Importer(815301076,1909f56bfc062723c751e8b465ee728b)  -> (artifact id: '394cad8ebd062360a96540702cb4e20a') in 0.021210 seconds 
========================================================================
Received Import Request.
  Time since last request: 800.371481 seconds.
  path: Assets/Scripts/PlayerMovement.cs
  artifactKey: Guid(025f1eb023160b34e907e1ef780e3329) Importer(2089858483,934ff659095e30574adcf32a4c2f97b5)
Start importing Assets/Scripts/PlayerMovement.cs using Guid(025f1eb023160b34e907e1ef780e3329) Importer(2089858483,934ff659095e30574adcf32a4c2f97b5)  -> (artifact id: '3cefa9949ea8b96d5433af427fab44e7') in 0.086684 seconds 
========================================================================
Received Prepare
Registering precompiled user dll's ...
Registered in 0.004473 seconds.
Begin MonoManager ReloadAssembly
Native extension for WindowsStandalone target not found
Refreshing native plugins compatible for Editor in 0.67 ms, found 2 plugins.
Preloading 0 native plugins for Editor in 0.00 ms.
Mono: successfully reloaded assembly
- Completed reload, in  1.792 seconds
Platform modules already initialized, skipping
Refreshing native plugins compatible for Editor in 0.97 ms, found 2 plugins.
Preloading 0 native plugins for Editor in 0.00 ms.
Unloading 3662 Unused Serialized files (Serialized files now loaded: 0)
System memory in use before: 142.2 MB.
System memory in use after: 142.3 MB.

Unloading 17 unused Assets to reduce memory usage. Loaded Objects now: 4131.
Total: 4.623600 ms (FindLiveObjects: 0.627400 ms CreateObjectMapping: 0.340400 ms MarkObjects: 3.489200 ms  DeleteObjects: 0.163800 ms)

========================================================================
Received Prepare
Registering precompiled user dll's ...
Registered in 0.006026 seconds.
Begin MonoManager ReloadAssembly
Native extension for WindowsStandalone target not found
Refreshing native plugins compatible for Editor in 1.01 ms, found 2 plugins.
Preloading 0 native plugins for Editor in 0.00 ms.
Mono: successfully reloaded assembly
- Completed reload, in  1.475 seconds
Platform modules already initialized, skipping
Refreshing native plugins compatible for Editor in 0.95 ms, found 2 plugins.
Preloading 0 native plugins for Editor in 0.00 ms.
Unloading 3662 Unused Serialized files (Serialized files now loaded: 0)
System memory in use before: 142.2 MB.
System memory in use after: 142.4 MB.

Unloading 17 unused Assets to reduce memory usage. Loaded Objects now: 4135.
Total: 5.412100 ms (FindLiveObjects: 1.000200 ms CreateObjectMapping: 0.455100 ms MarkObjects: 3.746300 ms  DeleteObjects: 0.209100 ms)

========================================================================
Received Prepare
Registering precompiled user dll's ...
Registered in 0.009664 seconds.
Begin MonoManager ReloadAssembly
Native extension for WindowsStandalone target not found
Refreshing native plugins compatible for Editor in 0.96 ms, found 2 plugins.
Preloading 0 native plugins for Editor in 0.00 ms.
Mono: successfully reloaded assembly
- Completed reload, in  1.755 seconds
Platform modules already initialized, skipping
Refreshing native plugins compatible for Editor in 1.18 ms, found 2 plugins.
Preloading 0 native plugins for Editor in 0.00 ms.
Unloading 3662 Unused Serialized files (Serialized files now loaded: 0)
System memory in use before: 142.3 MB.
System memory in use after: 142.4 MB.

Unloading 17 unused Assets to reduce memory usage. Loaded Objects now: 4139.
Total: 3.941800 ms (FindLiveObjects: 0.346100 ms CreateObjectMapping: 0.178600 ms MarkObjects: 3.273400 ms  DeleteObjects: 0.141800 ms)

========================================================================
Received Prepare
Registering precompiled user dll's ...
Registered in 0.008224 seconds.
Begin MonoManager ReloadAssembly
Native extension for WindowsStandalone target not found
Refreshing native plugins compatible for Editor in 0.76 ms, found 2 plugins.
Preloading 0 native plugins for Editor in 0.00 ms.
Mono: successfully reloaded assembly
- Completed reload, in  1.786 seconds
Platform modules already initialized, skipping
Refreshing native plugins compatible for Editor in 1.92 ms, found 2 plugins.
Preloading 0 native plugins for Editor in 0.00 ms.
Unloading 3662 Unused Serialized files (Serialized files now loaded: 0)
System memory in use before: 142.3 MB.
System memory in use after: 142.4 MB.

Unloading 17 unused Assets to reduce memory usage. Loaded Objects now: 4143.
Total: 3.293000 ms (FindLiveObjects: 0.318100 ms CreateObjectMapping: 0.135400 ms MarkObjects: 2.689400 ms  DeleteObjects: 0.148300 ms)

========================================================================
Received Prepare
Registering precompiled user dll's ...
Registered in 0.006922 seconds.
Begin MonoManager ReloadAssembly
Native extension for WindowsStandalone target not found
Refreshing native plugins compatible for Editor in 1.00 ms, found 2 plugins.
Preloading 0 native plugins for Editor in 0.00 ms.
Mono: successfully reloaded assembly
- Completed reload, in  1.958 seconds
Platform modules already initialized, skipping
Refreshing native plugins compatible for Editor in 1.42 ms, found 2 plugins.
Preloading 0 native plugins for Editor in 0.00 ms.
Unloading 3662 Unused Serialized files (Serialized files now loaded: 0)
System memory in use before: 142.4 MB.
System memory in use after: 142.5 MB.

Unloading 17 unused Assets to reduce memory usage. Loaded Objects now: 4147.
Total: 3.996800 ms (FindLiveObjects: 0.461200 ms CreateObjectMapping: 0.216300 ms MarkObjects: 3.161100 ms  DeleteObjects: 0.156100 ms)

========================================================================
Received Prepare
Registering precompiled user dll's ...
Registered in 0.006368 seconds.
Begin MonoManager ReloadAssembly
Native extension for WindowsStandalone target not found
Refreshing native plugins compatible for Editor in 0.63 ms, found 2 plugins.
Preloading 0 native plugins for Editor in 0.00 ms.
Mono: successfully reloaded assembly
- Completed reload, in  1.814 seconds
Platform modules already initialized, skipping
Refreshing native plugins compatible for Editor in 0.69 ms, found 2 plugins.
Preloading 0 native plugins for Editor in 0.00 ms.
Unloading 3662 Unused Serialized files (Serialized files now loaded: 0)
System memory in use before: 142.4 MB.
System memory in use after: 142.5 MB.

Unloading 17 unused Assets to reduce memory usage. Loaded Objects now: 4151.
Total: 4.844900 ms (FindLiveObjects: 0.498700 ms CreateObjectMapping: 0.280300 ms MarkObjects: 3.831200 ms  DeleteObjects: 0.232800 ms)

========================================================================
Received Prepare
Registering precompiled user dll's ...
Registered in 0.006511 seconds.
Begin MonoManager ReloadAssembly
Native extension for WindowsStandalone target not found
Refreshing native plugins compatible for Editor in 0.73 ms, found 2 plugins.
Preloading 0 native plugins for Editor in 0.00 ms.
Mono: successfully reloaded assembly
- Completed reload, in  1.834 seconds
Platform modules already initialized, skipping
Refreshing native plugins compatible for Editor in 0.86 ms, found 2 plugins.
Preloading 0 native plugins for Editor in 0.00 ms.
Unloading 3662 Unused Serialized files (Serialized files now loaded: 0)
System memory in use before: 142.4 MB.
System memory in use after: 142.5 MB.

Unloading 17 unused Assets to reduce memory usage. Loaded Objects now: 4155.
Total: 7.689800 ms (FindLiveObjects: 0.657600 ms CreateObjectMapping: 0.430400 ms MarkObjects: 6.242300 ms  DeleteObjects: 0.355900 ms)

AssetImportWorkerClient::OnTransportError - code=2 error=End of file
